<?xml version="1.0" encoding="UTF-8"?>
<testsuite xmlns:xsi="http://www.w3.org/2001/XMLSchema-instance" xsi:noNamespaceSchemaLocation="https://maven.apache.org/surefire/maven-surefire-plugin/xsd/surefire-test-report-3.0.xsd" version="3.0" name="SuiteTestClass" time="37.752" tests="30" errors="0" skipped="5" failures="0">
  <properties>
    <property name="sun.desktop" value="windows"/>
    <property name="awt.toolkit" value="sun.awt.windows.WToolkit"/>
    <property name="file.encoding.pkg" value="sun.io"/>
    <property name="java.specification.version" value="1.8"/>
    <property name="sun.cpu.isalist" value="amd64"/>
    <property name="sun.jnu.encoding" value="Cp1251"/>
    <property name="java.class.path" value="C:\Users\gkazarkin\Desktop\Code\WebTests\target\test-classes;C:\Users\gkazarkin\Desktop\Code\WebTests\target\classes;C:\Users\gkazarkin\.m2\repository\com\codeborne\selenide\5.3.1\selenide-5.3.1.jar;C:\Users\gkazarkin\.m2\repository\org\seleniumhq\selenium\selenium-java\3.141.59\selenium-java-3.141.59.jar;C:\Users\gkazarkin\.m2\repository\org\seleniumhq\selenium\selenium-api\3.141.59\selenium-api-3.141.59.jar;C:\Users\gkazarkin\.m2\repository\org\seleniumhq\selenium\selenium-chrome-driver\3.141.59\selenium-chrome-driver-3.141.59.jar;C:\Users\gkazarkin\.m2\repository\org\seleniumhq\selenium\selenium-edge-driver\3.141.59\selenium-edge-driver-3.141.59.jar;C:\Users\gkazarkin\.m2\repository\org\seleniumhq\selenium\selenium-firefox-driver\3.141.59\selenium-firefox-driver-3.141.59.jar;C:\Users\gkazarkin\.m2\repository\org\seleniumhq\selenium\selenium-ie-driver\3.141.59\selenium-ie-driver-3.141.59.jar;C:\Users\gkazarkin\.m2\repository\org\seleniumhq\selenium\selenium-opera-driver\3.141.59\selenium-opera-driver-3.141.59.jar;C:\Users\gkazarkin\.m2\repository\org\seleniumhq\selenium\selenium-remote-driver\3.141.59\selenium-remote-driver-3.141.59.jar;C:\Users\gkazarkin\.m2\repository\org\seleniumhq\selenium\selenium-safari-driver\3.141.59\selenium-safari-driver-3.141.59.jar;C:\Users\gkazarkin\.m2\repository\org\seleniumhq\selenium\selenium-support\3.141.59\selenium-support-3.141.59.jar;C:\Users\gkazarkin\.m2\repository\org\apache\commons\commons-exec\1.3\commons-exec-1.3.jar;C:\Users\gkazarkin\.m2\repository\com\google\guava\guava\25.0-jre\guava-25.0-jre.jar;C:\Users\gkazarkin\.m2\repository\com\google\code\findbugs\jsr305\1.3.9\jsr305-1.3.9.jar;C:\Users\gkazarkin\.m2\repository\org\checkerframework\checker-compat-qual\2.0.0\checker-compat-qual-2.0.0.jar;C:\Users\gkazarkin\.m2\repository\com\google\errorprone\error_prone_annotations\2.1.3\error_prone_annotations-2.1.3.jar;C:\Users\gkazarkin\.m2\repository\com\google\j2objc\j2objc-annotations\1.1\j2objc-annotations-1.1.jar;C:\Users\gkazarkin\.m2\repository\org\codehaus\mojo\animal-sniffer-annotations\1.14\animal-sniffer-annotations-1.14.jar;C:\Users\gkazarkin\.m2\repository\com\squareup\okhttp3\okhttp\3.11.0\okhttp-3.11.0.jar;C:\Users\gkazarkin\.m2\repository\com\squareup\okio\okio\1.14.0\okio-1.14.0.jar;C:\Users\gkazarkin\.m2\repository\io\github\bonigarcia\webdrivermanager\3.6.2\webdrivermanager-3.6.2.jar;C:\Users\gkazarkin\.m2\repository\org\slf4j\slf4j-api\1.7.25\slf4j-api-1.7.25.jar;C:\Users\gkazarkin\.m2\repository\commons-io\commons-io\2.6\commons-io-2.6.jar;C:\Users\gkazarkin\.m2\repository\com\google\code\gson\gson\2.8.5\gson-2.8.5.jar;C:\Users\gkazarkin\.m2\repository\org\apache\commons\commons-lang3\3.8.1\commons-lang3-3.8.1.jar;C:\Users\gkazarkin\.m2\repository\org\rauschig\jarchivelib\1.0.0\jarchivelib-1.0.0.jar;C:\Users\gkazarkin\.m2\repository\org\apache\commons\commons-compress\1.18\commons-compress-1.18.jar;C:\Users\gkazarkin\.m2\repository\org\jsoup\jsoup\1.11.3\jsoup-1.11.3.jar;C:\Users\gkazarkin\.m2\repository\net\lightbody\bmp\browsermob-core\2.1.5\browsermob-core-2.1.5.jar;C:\Users\gkazarkin\.m2\repository\net\lightbody\bmp\littleproxy\1.1.0-beta-bmp-17\littleproxy-1.1.0-beta-bmp-17.jar;C:\Users\gkazarkin\.m2\repository\com\fasterxml\jackson\core\jackson-core\2.8.9\jackson-core-2.8.9.jar;C:\Users\gkazarkin\.m2\repository\com\fasterxml\jackson\core\jackson-databind\2.8.9\jackson-databind-2.8.9.jar;C:\Users\gkazarkin\.m2\repository\com\fasterxml\jackson\core\jackson-annotations\2.8.9\jackson-annotations-2.8.9.jar;C:\Users\gkazarkin\.m2\repository\dnsjava\dnsjava\2.1.8\dnsjava-2.1.8.jar;C:\Users\gkazarkin\.m2\repository\org\slf4j\jcl-over-slf4j\1.7.25\jcl-over-slf4j-1.7.25.jar;C:\Users\gkazarkin\.m2\repository\com\jcraft\jzlib\1.1.3\jzlib-1.1.3.jar;C:\Users\gkazarkin\.m2\repository\io\netty\netty-all\4.0.51.Final\netty-all-4.0.51.Final.jar;C:\Users\gkazarkin\.m2\repository\org\bouncycastle\bcprov-jdk15on\1.58\bcprov-jdk15on-1.58.jar;C:\Users\gkazarkin\.m2\repository\org\bouncycastle\bcpkix-jdk15on\1.58\bcpkix-jdk15on-1.58.jar;C:\Users\gkazarkin\.m2\repository\net\lightbody\bmp\mitm\2.1.5\mitm-2.1.5.jar;C:\Users\gkazarkin\.m2\repository\org\hamcrest\hamcrest-junit\2.0.0.0\hamcrest-junit-2.0.0.0.jar;C:\Users\gkazarkin\.m2\repository\org\hamcrest\java-hamcrest\2.0.0.0\java-hamcrest-2.0.0.0.jar;C:\Users\gkazarkin\.m2\repository\io\rest-assured\rest-assured\4.1.0\rest-assured-4.1.0.jar;C:\Users\gkazarkin\.m2\repository\org\codehaus\groovy\groovy\2.5.6\groovy-2.5.6.jar;C:\Users\gkazarkin\.m2\repository\org\codehaus\groovy\groovy-xml\2.5.6\groovy-xml-2.5.6.jar;C:\Users\gkazarkin\.m2\repository\org\apache\httpcomponents\httpclient\4.5.3\httpclient-4.5.3.jar;C:\Users\gkazarkin\.m2\repository\org\apache\httpcomponents\httpcore\4.4.6\httpcore-4.4.6.jar;C:\Users\gkazarkin\.m2\repository\commons-logging\commons-logging\1.2\commons-logging-1.2.jar;C:\Users\gkazarkin\.m2\repository\commons-codec\commons-codec\1.9\commons-codec-1.9.jar;C:\Users\gkazarkin\.m2\repository\org\apache\httpcomponents\httpmime\4.5.3\httpmime-4.5.3.jar;C:\Users\gkazarkin\.m2\repository\org\hamcrest\hamcrest\2.1\hamcrest-2.1.jar;C:\Users\gkazarkin\.m2\repository\org\ccil\cowan\tagsoup\tagsoup\1.2.1\tagsoup-1.2.1.jar;C:\Users\gkazarkin\.m2\repository\io\rest-assured\json-path\4.1.0\json-path-4.1.0.jar;C:\Users\gkazarkin\.m2\repository\org\codehaus\groovy\groovy-json\2.5.6\groovy-json-2.5.6.jar;C:\Users\gkazarkin\.m2\repository\io\rest-assured\rest-assured-common\4.1.0\rest-assured-common-4.1.0.jar;C:\Users\gkazarkin\.m2\repository\io\rest-assured\xml-path\4.1.0\xml-path-4.1.0.jar;C:\Users\gkazarkin\.m2\repository\javax\xml\bind\jaxb-api\2.2.12\jaxb-api-2.2.12.jar;C:\Users\gkazarkin\.m2\repository\com\sun\xml\bind\jaxb-osgi\2.2.10\jaxb-osgi-2.2.10.jar;C:\Users\gkazarkin\.m2\repository\org\apache\sling\org.apache.sling.javax.activation\0.1.0\org.apache.sling.javax.activation-0.1.0.jar;C:\Users\gkazarkin\.m2\repository\javax\activation\activation\1.1.1\activation-1.1.1.jar;C:\Users\gkazarkin\.m2\repository\org\json\json\20190722\json-20190722.jar;C:\Users\gkazarkin\.m2\repository\junit\junit\4.12\junit-4.12.jar;C:\Users\gkazarkin\.m2\repository\org\hamcrest\hamcrest-core\1.3\hamcrest-core-1.3.jar;"/>
    <property name="java.vm.vendor" value="Oracle Corporation"/>
    <property name="sun.arch.data.model" value="64"/>
    <property name="user.variant" value=""/>
    <property name="java.vendor.url" value="http://java.oracle.com/"/>
    <property name="user.timezone" value="Asia/Novosibirsk"/>
    <property name="java.vm.specification.version" value="1.8"/>
    <property name="os.name" value="Windows 10"/>
    <property name="user.country" value="RU"/>
    <property name="sun.java.launcher" value="SUN_STANDARD"/>
    <property name="sun.boot.library.path" value="C:\Program Files\Java\jdk1.8.0_201\jre\bin"/>
    <property name="selenide.browser" value="chrome"/>
    <property name="sun.java.command" value="C:\Users\gkazarkin\AppData\Local\Temp\surefire2098715531099639042\surefirebooter7734378262299835655.jar C:\Users\gkazarkin\AppData\Local\Temp\surefire2098715531099639042 2019-09-13T12-05-45_525-jvmRun1 surefire1679193769080677647tmp surefire_03455018291449209951tmp"/>
    <property name="test" value="SuiteTestClass"/>
    <property name="surefire.test.class.path" value="C:\Users\gkazarkin\Desktop\Code\WebTests\target\test-classes;C:\Users\gkazarkin\Desktop\Code\WebTests\target\classes;C:\Users\gkazarkin\.m2\repository\com\codeborne\selenide\5.3.1\selenide-5.3.1.jar;C:\Users\gkazarkin\.m2\repository\org\seleniumhq\selenium\selenium-java\3.141.59\selenium-java-3.141.59.jar;C:\Users\gkazarkin\.m2\repository\org\seleniumhq\selenium\selenium-api\3.141.59\selenium-api-3.141.59.jar;C:\Users\gkazarkin\.m2\repository\org\seleniumhq\selenium\selenium-chrome-driver\3.141.59\selenium-chrome-driver-3.141.59.jar;C:\Users\gkazarkin\.m2\repository\org\seleniumhq\selenium\selenium-edge-driver\3.141.59\selenium-edge-driver-3.141.59.jar;C:\Users\gkazarkin\.m2\repository\org\seleniumhq\selenium\selenium-firefox-driver\3.141.59\selenium-firefox-driver-3.141.59.jar;C:\Users\gkazarkin\.m2\repository\org\seleniumhq\selenium\selenium-ie-driver\3.141.59\selenium-ie-driver-3.141.59.jar;C:\Users\gkazarkin\.m2\repository\org\seleniumhq\selenium\selenium-opera-driver\3.141.59\selenium-opera-driver-3.141.59.jar;C:\Users\gkazarkin\.m2\repository\org\seleniumhq\selenium\selenium-remote-driver\3.141.59\selenium-remote-driver-3.141.59.jar;C:\Users\gkazarkin\.m2\repository\org\seleniumhq\selenium\selenium-safari-driver\3.141.59\selenium-safari-driver-3.141.59.jar;C:\Users\gkazarkin\.m2\repository\org\seleniumhq\selenium\selenium-support\3.141.59\selenium-support-3.141.59.jar;C:\Users\gkazarkin\.m2\repository\org\apache\commons\commons-exec\1.3\commons-exec-1.3.jar;C:\Users\gkazarkin\.m2\repository\com\google\guava\guava\25.0-jre\guava-25.0-jre.jar;C:\Users\gkazarkin\.m2\repository\com\google\code\findbugs\jsr305\1.3.9\jsr305-1.3.9.jar;C:\Users\gkazarkin\.m2\repository\org\checkerframework\checker-compat-qual\2.0.0\checker-compat-qual-2.0.0.jar;C:\Users\gkazarkin\.m2\repository\com\google\errorprone\error_prone_annotations\2.1.3\error_prone_annotations-2.1.3.jar;C:\Users\gkazarkin\.m2\repository\com\google\j2objc\j2objc-annotations\1.1\j2objc-annotations-1.1.jar;C:\Users\gkazarkin\.m2\repository\org\codehaus\mojo\animal-sniffer-annotations\1.14\animal-sniffer-annotations-1.14.jar;C:\Users\gkazarkin\.m2\repository\com\squareup\okhttp3\okhttp\3.11.0\okhttp-3.11.0.jar;C:\Users\gkazarkin\.m2\repository\com\squareup\okio\okio\1.14.0\okio-1.14.0.jar;C:\Users\gkazarkin\.m2\repository\io\github\bonigarcia\webdrivermanager\3.6.2\webdrivermanager-3.6.2.jar;C:\Users\gkazarkin\.m2\repository\org\slf4j\slf4j-api\1.7.25\slf4j-api-1.7.25.jar;C:\Users\gkazarkin\.m2\repository\commons-io\commons-io\2.6\commons-io-2.6.jar;C:\Users\gkazarkin\.m2\repository\com\google\code\gson\gson\2.8.5\gson-2.8.5.jar;C:\Users\gkazarkin\.m2\repository\org\apache\commons\commons-lang3\3.8.1\commons-lang3-3.8.1.jar;C:\Users\gkazarkin\.m2\repository\org\rauschig\jarchivelib\1.0.0\jarchivelib-1.0.0.jar;C:\Users\gkazarkin\.m2\repository\org\apache\commons\commons-compress\1.18\commons-compress-1.18.jar;C:\Users\gkazarkin\.m2\repository\org\jsoup\jsoup\1.11.3\jsoup-1.11.3.jar;C:\Users\gkazarkin\.m2\repository\net\lightbody\bmp\browsermob-core\2.1.5\browsermob-core-2.1.5.jar;C:\Users\gkazarkin\.m2\repository\net\lightbody\bmp\littleproxy\1.1.0-beta-bmp-17\littleproxy-1.1.0-beta-bmp-17.jar;C:\Users\gkazarkin\.m2\repository\com\fasterxml\jackson\core\jackson-core\2.8.9\jackson-core-2.8.9.jar;C:\Users\gkazarkin\.m2\repository\com\fasterxml\jackson\core\jackson-databind\2.8.9\jackson-databind-2.8.9.jar;C:\Users\gkazarkin\.m2\repository\com\fasterxml\jackson\core\jackson-annotations\2.8.9\jackson-annotations-2.8.9.jar;C:\Users\gkazarkin\.m2\repository\dnsjava\dnsjava\2.1.8\dnsjava-2.1.8.jar;C:\Users\gkazarkin\.m2\repository\org\slf4j\jcl-over-slf4j\1.7.25\jcl-over-slf4j-1.7.25.jar;C:\Users\gkazarkin\.m2\repository\com\jcraft\jzlib\1.1.3\jzlib-1.1.3.jar;C:\Users\gkazarkin\.m2\repository\io\netty\netty-all\4.0.51.Final\netty-all-4.0.51.Final.jar;C:\Users\gkazarkin\.m2\repository\org\bouncycastle\bcprov-jdk15on\1.58\bcprov-jdk15on-1.58.jar;C:\Users\gkazarkin\.m2\repository\org\bouncycastle\bcpkix-jdk15on\1.58\bcpkix-jdk15on-1.58.jar;C:\Users\gkazarkin\.m2\repository\net\lightbody\bmp\mitm\2.1.5\mitm-2.1.5.jar;C:\Users\gkazarkin\.m2\repository\org\hamcrest\hamcrest-junit\2.0.0.0\hamcrest-junit-2.0.0.0.jar;C:\Users\gkazarkin\.m2\repository\org\hamcrest\java-hamcrest\2.0.0.0\java-hamcrest-2.0.0.0.jar;C:\Users\gkazarkin\.m2\repository\io\rest-assured\rest-assured\4.1.0\rest-assured-4.1.0.jar;C:\Users\gkazarkin\.m2\repository\org\codehaus\groovy\groovy\2.5.6\groovy-2.5.6.jar;C:\Users\gkazarkin\.m2\repository\org\codehaus\groovy\groovy-xml\2.5.6\groovy-xml-2.5.6.jar;C:\Users\gkazarkin\.m2\repository\org\apache\httpcomponents\httpclient\4.5.3\httpclient-4.5.3.jar;C:\Users\gkazarkin\.m2\repository\org\apache\httpcomponents\httpcore\4.4.6\httpcore-4.4.6.jar;C:\Users\gkazarkin\.m2\repository\commons-logging\commons-logging\1.2\commons-logging-1.2.jar;C:\Users\gkazarkin\.m2\repository\commons-codec\commons-codec\1.9\commons-codec-1.9.jar;C:\Users\gkazarkin\.m2\repository\org\apache\httpcomponents\httpmime\4.5.3\httpmime-4.5.3.jar;C:\Users\gkazarkin\.m2\repository\org\hamcrest\hamcrest\2.1\hamcrest-2.1.jar;C:\Users\gkazarkin\.m2\repository\org\ccil\cowan\tagsoup\tagsoup\1.2.1\tagsoup-1.2.1.jar;C:\Users\gkazarkin\.m2\repository\io\rest-assured\json-path\4.1.0\json-path-4.1.0.jar;C:\Users\gkazarkin\.m2\repository\org\codehaus\groovy\groovy-json\2.5.6\groovy-json-2.5.6.jar;C:\Users\gkazarkin\.m2\repository\io\rest-assured\rest-assured-common\4.1.0\rest-assured-common-4.1.0.jar;C:\Users\gkazarkin\.m2\repository\io\rest-assured\xml-path\4.1.0\xml-path-4.1.0.jar;C:\Users\gkazarkin\.m2\repository\javax\xml\bind\jaxb-api\2.2.12\jaxb-api-2.2.12.jar;C:\Users\gkazarkin\.m2\repository\com\sun\xml\bind\jaxb-osgi\2.2.10\jaxb-osgi-2.2.10.jar;C:\Users\gkazarkin\.m2\repository\org\apache\sling\org.apache.sling.javax.activation\0.1.0\org.apache.sling.javax.activation-0.1.0.jar;C:\Users\gkazarkin\.m2\repository\javax\activation\activation\1.1.1\activation-1.1.1.jar;C:\Users\gkazarkin\.m2\repository\org\json\json\20190722\json-20190722.jar;C:\Users\gkazarkin\.m2\repository\junit\junit\4.12\junit-4.12.jar;C:\Users\gkazarkin\.m2\repository\org\hamcrest\hamcrest-core\1.3\hamcrest-core-1.3.jar;"/>
    <property name="sun.cpu.endian" value="little"/>
    <property name="user.home" value="C:\Users\gkazarkin"/>
    <property name="user.language" value="ru"/>
    <property name="java.specification.vendor" value="Oracle Corporation"/>
    <property name="java.home" value="C:\Program Files\Java\jdk1.8.0_201\jre"/>
    <property name="basedir" value="C:\Users\gkazarkin\Desktop\Code\WebTests"/>
    <property name="file.separator" value="\"/>
    <property name="selenide.startMaximized" value="true"/>
    <property name="line.separator" value="&#10;"/>
    <property name="java.vm.specification.vendor" value="Oracle Corporation"/>
    <property name="java.specification.name" value="Java Platform API Specification"/>
    <property name="java.awt.graphicsenv" value="sun.awt.Win32GraphicsEnvironment"/>
    <property name="surefire.real.class.path" value="C:\Users\gkazarkin\AppData\Local\Temp\surefire2098715531099639042\surefirebooter7734378262299835655.jar"/>
    <property name="sun.boot.class.path" value="C:\Program Files\Java\jdk1.8.0_201\jre\lib\resources.jar;C:\Program Files\Java\jdk1.8.0_201\jre\lib\rt.jar;C:\Program Files\Java\jdk1.8.0_201\jre\lib\sunrsasign.jar;C:\Program Files\Java\jdk1.8.0_201\jre\lib\jsse.jar;C:\Program Files\Java\jdk1.8.0_201\jre\lib\jce.jar;C:\Program Files\Java\jdk1.8.0_201\jre\lib\charsets.jar;C:\Program Files\Java\jdk1.8.0_201\jre\lib\jfr.jar;C:\Program Files\Java\jdk1.8.0_201\jre\classes"/>
    <property name="user.script" value=""/>
    <property name="sun.management.compiler" value="HotSpot 64-Bit Tiered Compilers"/>
    <property name="selenide.fastSetValue" value="true"/>
    <property name="java.runtime.version" value="1.8.0_201-b09"/>
    <property name="user.name" value="gkazarkin"/>
    <property name="path.separator" value=";"/>
    <property name="os.version" value="10.0"/>
    <property name="java.endorsed.dirs" value="C:\Program Files\Java\jdk1.8.0_201\jre\lib\endorsed"/>
    <property name="java.runtime.name" value="Java(TM) SE Runtime Environment"/>
    <property name="file.encoding" value="Cp1251"/>
    <property name="java.vm.name" value="Java HotSpot(TM) 64-Bit Server VM"/>
    <property name="localRepository" value="C:\Users\gkazarkin\.m2\repository"/>
    <property name="java.vendor.url.bug" value="http://bugreport.sun.com/bugreport/"/>
    <property name="java.io.tmpdir" value="C:\Users\GKAZAR~1\AppData\Local\Temp\"/>
    <property name="java.version" value="1.8.0_201"/>
    <property name="user.dir" value="C:\Users\gkazarkin\Desktop\Code\WebTests"/>
    <property name="os.arch" value="amd64"/>
    <property name="java.vm.specification.name" value="Java Virtual Machine Specification"/>
    <property name="selenide.timeout" value="4000"/>
    <property name="java.awt.printerjob" value="sun.awt.windows.WPrinterJob"/>
    <property name="sun.os.patch.level" value=""/>
    <property name="java.library.path" value="C:\Program Files\Java\jdk1.8.0_201\jre\bin;C:\WINDOWS\Sun\Java\bin;C:\WINDOWS\system32;C:\WINDOWS;C:\Program Files (x86)\Common Files\Oracle\Java\javapath;C:\WINDOWS\system32;C:\WINDOWS;C:\WINDOWS\System32\Wbem;C:\WINDOWS\System32\WindowsPowerShell\v1.0\;C:\Program Files\mingw-w64\x86_64-6.3.0-posix-seh-rt_v5-rev1\mingw64\bin;C:\Users\bpakilla\PycharmProjects\NTRWork\LinuxFiles\fastText\fasttext.exe;C:\Program Files (x86)\Windows Kits\8.1\Windows Performance Toolkit\;C:\Program Files\MATLAB\R2016b\runtime\win64;C:\Program Files\MATLAB\R2016b\bin;C:\Program Files (x86)\NVIDIA Corporation\PhysX\Common;C:\WINDOWS\system32;C:\WINDOWS;C:\WINDOWS\System32\Wbem;C:\WINDOWS\System32\WindowsPowerShell\v1.0\;C:\WINDOWS\System32\OpenSSH\;C:\Users\gkazarkin\AppData\Local\Android\Sdk\emulator;C:\Program Files\Java\jdk1.8.0_201\bin;C:\Users\gkazarkin\AppData\Local\Android\Sdk\tools;C:\Program Files\Java\jdk-10.0.1;C:\Program Files\nodejs\;C:\Users\gkazarkin\AppData\Local\Android\Sdk\emulator;C:\Users\gkazarkin\AppData\Local\Android\Sdk\platform-tools;C:\Users\gkazarkin\AppData\Local\Android\Sdk\tools\bin;C:\Users\gkazarkin\AppData\Local\Android\Sdk\tools;C:\Users\gkazarkin\AppData\Local\Android\Sdk\tools\bin;C:\Users\gkazarkin\AppData\Local\Android\Sdk\platform-tools;C:\Program Files\apache-maven-3.6.0\bin;C:\Program Files\Git\cmd;C:\Program Files\apache-maven-3.6.0\bin;C:\Ruby23-x64\bin;C:\Users\gkazarkin\AppData\Local\Microsoft\WindowsApps;C:\Users\gkazarkin\AppData\Local\Android\Sdk\tools;C:\Users\gkazarkin\AppData\Local\Android\Sdk\platform-tools;C:\Users\gkazarkin\AppData\Local\Android\Sdk\emulator;C:\Users\gkazarkin\AppData\Local\Android\Sdk\tools;C:\Program Files\Java\jdk1.8.0_201\bin;C:\Program Files\Java\jdk1.8.0_201;C:\Users\gkazarkin\AppData\Local\Android\Sdk\tools;C:\Users\gkazarkin\AppData\Local\Android\Sdk;C:\Program Files\Java\jdk-10.0.1\bin;C:\Users\gkazarkin\AppData\Roaming\npm;C:\Users\gkazarkin\AppData\Local\GitHubDesktop\bin;C:\Program Files\apache-maven-3.6.0;;."/>
    <property name="java.vm.info" value="mixed mode"/>
    <property name="java.vendor" value="Oracle Corporation"/>
    <property name="java.vm.version" value="25.201-b09"/>
    <property name="java.ext.dirs" value="C:\Program Files\Java\jdk1.8.0_201\jre\lib\ext;C:\WINDOWS\Sun\Java\lib\ext"/>
    <property name="sun.io.unicode.encoding" value="UnicodeLittle"/>
    <property name="java.class.version" value="52.0"/>
  </properties>
  <testcase name="RegistrationTest" classname="CL2.ClTests" time="0">
    <skipped/>
  </testcase>
  <testcase name="ClientCreationTest" classname="CL2.ClTests" time="15.066"/>
  <testcase name="givenList_whenCheck_thenSize3Test" classname="MathApi.MatchersTests" time="0"/>
  <testcase name="givenArray_whenCheck_thenSize3Test" classname="MathApi.MatchersTests" time="0"/>
  <testcase name="givenMap_whenCheck_thenContainsTest" classname="MathApi.MatchersTests" time="0"/>
  <testcase name="testCalA" classname="MathApi.MatchersTests" time="0.001"/>
  <testcase name="givenArray_whenCheck_thenContainsElementsTest" classname="MathApi.MatchersTests" time="0"/>
  <testcase name="givenList_whenCheck_thenNotEmptyTest" classname="MathApi.MatchersTests" time="0.001"/>
  <testcase name="givenList_whenCheck_thenPosotiveElementsTest" classname="MathApi.MatchersTests" time="0.002"/>
  <testcase name="givenNumber_whenConditions_thenCorrectTest" classname="MathApi.MatchersTests" time="0.001"/>
  <testcase name="givenList_whenCheck_thenHasItemTest" classname="MathApi.MatchersTests" time="0.001"/>
  <testcase name="givenList_whenCheck_thenContainsElementsTest" classname="MathApi.MatchersTests" time="0"/>
  <testcase name="givenArray_whenCheck_thenContainInAnyOrderTest" classname="MathApi.MatchersTests" time="0.001"/>
  <testcase name="given2Strings_whenEqualIgnWS_thenCorrectTest" classname="MathApi.MatchersTests" time="0.001"/>
  <testcase name="givenArray_whenCheck_thenNotEmptyTest" classname="MathApi.MatchersTests" time="0"/>
  <testcase name="given2Strings_whenEqual_thenCorrectTest" classname="MathApi.MatchersTests" time="0.001"/>
  <testcase name="givenArray_whenCheck_thenHasItemTest" classname="MathApi.MatchersTests" time="0.001"/>
  <testcase name="mathTest" classname="MathApi.MathTest" time="0.017"/>
  <testcase name="funcTest" classname="MathApi.MathTest" time="0.001"/>
  <testcase name="testResponseCodeTest" classname="MathApi.testApiTest" time="1.573"/>
  <testcase name="testGetTimeTest" classname="MathApi.testApiTest" time="0.566"/>
  <testcase name="testPostFileTest" classname="MathApi.testApiTest" time="1.034"/>
  <testcase name="testSimplePostTest" classname="MathApi.testApiTest" time="0">
    <skipped/>
  </testcase>
  <testcase name="testGetWithAuthTest" classname="MathApi.testApiTest" time="1.096"/>
  <testcase name="testPostTest" classname="MathApi.testApiTest" time="0">
    <skipped/>
  </testcase>
  <testcase name="userLoginTest" classname="Others.BankTests" time="0">
    <skipped/>
  </testcase>
  <testcase name="openSiteAndSearchIphoneTest" classname="Others.googleTests" time="7.421"/>
  <testcase name="luxoftTest" classname="Others.googleTests" time="0">
    <skipped/>
  </testcase>
  <testcase name="itShouldBePossibleToSearchThePhraseTest" classname="Others.SelenideTests" time="7.746"/>
  <testcase name="testUserCanSearch" classname="SelenidePageObject.testGoogleTest" time="3.137"/>
</testsuite>